# JRE version: OpenJDK Runtime Environment (8.0_212-b04) (build 1.8.0_212-release-1586-b04)
# Java VM: OpenJDK 64-Bit Server VM (25.212-b04 mixed mode windows-amd64 compressed oops)
Heap:
 PSYoungGen      total 148480K, used 33234K [0x00000000e0000000, 0x00000000eac80000, 0x0000000100000000)
  eden space 135680K, 15% used [0x00000000e0000000,0x00000000e13fa688,0x00000000e8480000)
  from space 12800K, 99% used [0x00000000ea000000,0x00000000eac7a370,0x00000000eac80000)
  to   space 15360K, 0% used [0x00000000e8e80000,0x00000000e8e80000,0x00000000e9d80000)
 ParOldGen       total 60416K, used 21865K [0x00000000a0000000, 0x00000000a3b00000, 0x00000000e0000000)
  object space 60416K, 36% used [0x00000000a0000000,0x00000000a155a748,0x00000000a3b00000)
 Metaspace       used 45637K, capacity 46874K, committed 46976K, reserved 1089536K
  class space    used 6177K, capacity 6482K, committed 6528K, reserved 1048576K
GC Heap History (10 events):
Event: 4.190 GC heap before
{Heap before GC invocations=8 (full 1):
 PSYoungGen      total 76800K, used 66048K [0x00000000e0000000, 0x00000000e5700000, 0x0000000100000000)
  eden space 66048K, 100% used [0x00000000e0000000,0x00000000e4080000,0x00000000e4080000)
  from space 10752K, 0% used [0x00000000e4b80000,0x00000000e4b80000,0x00000000e5600000)
  to   space 11264K, 0% used [0x00000000e4080000,0x00000000e4080000,0x00000000e4b80000)
 ParOldGen       total 60416K, used 9915K [0x00000000a0000000, 0x00000000a3b00000, 0x00000000e0000000)
  object space 60416K, 16% used [0x00000000a0000000,0x00000000a09aee28,0x00000000a3b00000)
 Metaspace       used 28380K, capacity 28970K, committed 29184K, reserved 1075200K
  class space    used 3892K, capacity 4078K, committed 4096K, reserved 1048576K
Event: 4.198 GC heap after
Heap after GC invocations=8 (full 1):
 PSYoungGen      total 77312K, used 7557K [0x00000000e0000000, 0x00000000e7f00000, 0x0000000100000000)
  eden space 66048K, 0% used [0x00000000e0000000,0x00000000e0000000,0x00000000e4080000)
  from space 11264K, 67% used [0x00000000e4080000,0x00000000e47e14b0,0x00000000e4b80000)
  to   space 11264K, 0% used [0x00000000e7400000,0x00000000e7400000,0x00000000e7f00000)
 ParOldGen       total 60416K, used 9923K [0x00000000a0000000, 0x00000000a3b00000, 0x00000000e0000000)
  object space 60416K, 16% used [0x00000000a0000000,0x00000000a09b0e28,0x00000000a3b00000)
 Metaspace       used 28380K, capacity 28970K, committed 29184K, reserved 1075200K
  class space    used 3892K, capacity 4078K, committed 4096K, reserved 1048576K
}
Event: 5.023 GC heap before
{Heap before GC invocations=9 (full 1):
 PSYoungGen      total 77312K, used 73605K [0x00000000e0000000, 0x00000000e7f00000, 0x0000000100000000)
  eden space 66048K, 100% used [0x00000000e0000000,0x00000000e4080000,0x00000000e4080000)
  from space 11264K, 67% used [0x00000000e4080000,0x00000000e47e14b0,0x00000000e4b80000)
  to   space 11264K, 0% used [0x00000000e7400000,0x00000000e7400000,0x00000000e7f00000)
 ParOldGen       total 60416K, used 9923K [0x00000000a0000000, 0x00000000a3b00000, 0x00000000e0000000)
  object space 60416K, 16% used [0x00000000a0000000,0x00000000a09b0e28,0x00000000a3b00000)
 Metaspace       used 32149K, capacity 32976K, committed 33024K, reserved 1077248K
  class space    used 4355K, capacity 4590K, committed 4608K, reserved 1048576K
Event: 5.036 GC heap after
Heap after GC invocations=9 (full 1):
 PSYoungGen      total 118272K, used 8999K [0x00000000e0000000, 0x00000000e8080000, 0x0000000100000000)
  eden space 107008K, 0% used [0x00000000e0000000,0x00000000e0000000,0x00000000e6880000)
  from space 11264K, 79% used [0x00000000e7400000,0x00000000e7cc9c50,0x00000000e7f00000)
  to   space 11776K, 0% used [0x00000000e6880000,0x00000000e6880000,0x00000000e7400000)
 ParOldGen       total 60416K, used 9931K [0x00000000a0000000, 0x00000000a3b00000, 0x00000000e0000000)
  object space 60416K, 16% used [0x00000000a0000000,0x00000000a09b2e28,0x00000000a3b00000)
 Metaspace       used 32149K, capacity 32976K, committed 33024K, reserved 1077248K
  class space    used 4355K, capacity 4590K, committed 4608K, reserved 1048576K
}
Event: 5.450 GC heap before
{Heap before GC invocations=10 (full 1):
 PSYoungGen      total 118272K, used 65021K [0x00000000e0000000, 0x00000000e8080000, 0x0000000100000000)
  eden space 107008K, 52% used [0x00000000e0000000,0x00000000e36b5928,0x00000000e6880000)
  from space 11264K, 79% used [0x00000000e7400000,0x00000000e7cc9c50,0x00000000e7f00000)
  to   space 11776K, 0% used [0x00000000e6880000,0x00000000e6880000,0x00000000e7400000)
 ParOldGen       total 60416K, used 9931K [0x00000000a0000000, 0x00000000a3b00000, 0x00000000e0000000)
  object space 60416K, 16% used [0x00000000a0000000,0x00000000a09b2e28,0x00000000a3b00000)
 Metaspace       used 34595K, capacity 35398K, committed 35496K, reserved 1079296K
  class space    used 4774K, capacity 5030K, committed 5120K, reserved 1048576K
Event: 5.462 GC heap after
Heap after GC invocations=10 (full 1):
 PSYoungGen      total 118784K, used 11043K [0x00000000e0000000, 0x00000000eac80000, 0x0000000100000000)
  eden space 107008K, 0% used [0x00000000e0000000,0x00000000e0000000,0x00000000e6880000)
  from space 11776K, 93% used [0x00000000e6880000,0x00000000e7348ff0,0x00000000e7400000)
  to   space 12800K, 0% used [0x00000000ea000000,0x00000000ea000000,0x00000000eac80000)
 ParOldGen       total 60416K, used 9939K [0x00000000a0000000, 0x00000000a3b00000, 0x00000000e0000000)
  object space 60416K, 16% used [0x00000000a0000000,0x00000000a09b4e28,0x00000000a3b00000)
 Metaspace       used 34595K, capacity 35398K, committed 35496K, reserved 1079296K
  class space    used 4774K, capacity 5030K, committed 5120K, reserved 1048576K
}
Event: 5.462 GC heap before
{Heap before GC invocations=11 (full 2):
 PSYoungGen      total 118784K, used 11043K [0x00000000e0000000, 0x00000000eac80000, 0x0000000100000000)
  eden space 107008K, 0% used [0x00000000e0000000,0x00000000e0000000,0x00000000e6880000)
  from space 11776K, 93% used [0x00000000e6880000,0x00000000e7348ff0,0x00000000e7400000)
  to   space 12800K, 0% used [0x00000000ea000000,0x00000000ea000000,0x00000000eac80000)
 ParOldGen       total 60416K, used 9939K [0x00000000a0000000, 0x00000000a3b00000, 0x00000000e0000000)
  object space 60416K, 16% used [0x00000000a0000000,0x00000000a09b4e28,0x00000000a3b00000)
 Metaspace       used 34595K, capacity 35398K, committed 35496K, reserved 1079296K
  class space    used 4774K, capacity 5030K, committed 5120K, reserved 1048576K
Event: 5.523 GC heap after
Heap after GC invocations=11 (full 2):
 PSYoungGen      total 118784K, used 0K [0x00000000e0000000, 0x00000000eac80000, 0x0000000100000000)
  eden space 107008K, 0% used [0x00000000e0000000,0x00000000e0000000,0x00000000e6880000)
  from space 11776K, 0% used [0x00000000e6880000,0x00000000e6880000,0x00000000e7400000)
  to   space 12800K, 0% used [0x00000000ea000000,0x00000000ea000000,0x00000000eac80000)
 ParOldGen       total 60416K, used 18384K [0x00000000a0000000, 0x00000000a3b00000, 0x00000000e0000000)
  object space 60416K, 30% used [0x00000000a0000000,0x00000000a11f4330,0x00000000a3b00000)
 Metaspace       used 34595K, capacity 35398K, committed 35496K, reserved 1079296K
  class space    used 4774K, capacity 5030K, committed 5120K, reserved 1048576K
}
Event: 6.882 GC heap before
{Heap before GC invocations=12 (full 2):
 PSYoungGen      total 118784K, used 107008K [0x00000000e0000000, 0x00000000eac80000, 0x0000000100000000)
  eden space 107008K, 100% used [0x00000000e0000000,0x00000000e6880000,0x00000000e6880000)
  from space 11776K, 0% used [0x00000000e6880000,0x00000000e6880000,0x00000000e7400000)
  to   space 12800K, 0% used [0x00000000ea000000,0x00000000ea000000,0x00000000eac80000)
 ParOldGen       total 60416K, used 18384K [0x00000000a0000000, 0x00000000a3b00000, 0x00000000e0000000)
  object space 60416K, 30% used [0x00000000a0000000,0x00000000a11f4330,0x00000000a3b00000)
 Metaspace       used 43951K, capacity 45212K, committed 45440K, reserved 1089536K
  class space    used 5949K, capacity 6253K, committed 6272K, reserved 1048576K
Event: 6.896 GC heap after
Heap after GC invocations=12 (full 2):
 PSYoungGen      total 148480K, used 12776K [0x00000000e0000000, 0x00000000eac80000, 0x0000000100000000)
  eden space 135680K, 0% used [0x00000000e0000000,0x00000000e0000000,0x00000000e8480000)
  from space 12800K, 99% used [0x00000000ea000000,0x00000000eac7a370,0x00000000eac80000)
  to   space 15360K, 0% used [0x00000000e8e80000,0x00000000e8e80000,0x00000000e9d80000)
 ParOldGen       total 60416K, used 21865K [0x00000000a0000000, 0x00000000a3b00000, 0x00000000e0000000)
  object space 60416K, 36% used [0x00000000a0000000,0x00000000a155a748,0x00000000a3b00000)
 Metaspace       used 43951K, capacity 45212K, committed 45440K, reserved 1089536K
  class space    used 5949K, capacity 6253K, committed 6272K, reserved 1048576K
}

